-------------------------------------------------------------------------------
Test set: de.aicard.Social.GroupTest
-------------------------------------------------------------------------------
Tests run: 1, Failures: 1, Errors: 0, Skipped: 0, Time elapsed: 0.002 s <<< FAILURE! - in de.aicard.Social.GroupTest
testAddToGroup  Time elapsed: 0 s  <<< FAILURE!
org.opentest4j.AssertionFailedError: expected: <de.aicard.account.AccountList@7fc2413d> but was: <de.aicard.account.AccountList@f8c1ddd>
	at de.aicard.Social.GroupTest.testAddToGroup(GroupTest.java:33)

