-------------------------------------------------------------------------------
Test set: de.aicard.storages.AudioFileRepositoryTest
-------------------------------------------------------------------------------
Tests run: 3, Failures: 0, Errors: 3, Skipped: 0, Time elapsed: 0.029 s <<< FAILURE! - in de.aicard.storages.AudioFileRepositoryTest
findAll  Time elapsed: 0.006 s  <<< ERROR!
org.eclipse.persistence.exceptions.PersistenceUnitLoadingException: 

Exception Description: An exception was thrown while searching for persistence archives with ClassLoader: jdk.internal.loader.ClassLoaders$AppClassLoader@c387f44
Internal Exception: java.lang.NullPointerException
	at de.aicard.storages.AudioFileRepositoryTest.beforeEach(AudioFileRepositoryTest.java:24)
Caused by: java.lang.NullPointerException
	at de.aicard.storages.AudioFileRepositoryTest.beforeEach(AudioFileRepositoryTest.java:24)

findbyTitle  Time elapsed: 0.012 s  <<< ERROR!
org.eclipse.persistence.exceptions.PersistenceUnitLoadingException: 

Exception Description: An exception was thrown while searching for persistence archives with ClassLoader: jdk.internal.loader.ClassLoaders$AppClassLoader@c387f44
Internal Exception: java.lang.NullPointerException
	at de.aicard.storages.AudioFileRepositoryTest.beforeEach(AudioFileRepositoryTest.java:24)
Caused by: java.lang.NullPointerException
	at de.aicard.storages.AudioFileRepositoryTest.beforeEach(AudioFileRepositoryTest.java:24)

save  Time elapsed: 0.011 s  <<< ERROR!
org.eclipse.persistence.exceptions.PersistenceUnitLoadingException: 

Exception Description: An exception was thrown while searching for persistence archives with ClassLoader: jdk.internal.loader.ClassLoaders$AppClassLoader@c387f44
Internal Exception: java.lang.NullPointerException
	at de.aicard.storages.AudioFileRepositoryTest.beforeEach(AudioFileRepositoryTest.java:24)
Caused by: java.lang.NullPointerException
	at de.aicard.storages.AudioFileRepositoryTest.beforeEach(AudioFileRepositoryTest.java:24)

