-------------------------------------------------------------------------------
Test set: de.aicard.storages.ChatRepositoryTest
-------------------------------------------------------------------------------
Tests run: 4, Failures: 0, Errors: 3, Skipped: 0, Time elapsed: 0.157 s <<< FAILURE! - in de.aicard.storages.ChatRepositoryTest
findByParticipantName  Time elapsed: 0.068 s  <<< ERROR!
javax.persistence.RollbackException: Error while committing the transaction
	at de.aicard.storages.ChatRepositoryTest.findByParticipantName(ChatRepositoryTest.java:81)
Caused by: java.lang.IllegalStateException: org.hibernate.TransientObjectException: object references an unsaved transient instance - save the transient instance before flushing: de.aicard.domains.Social.Message
	at de.aicard.storages.ChatRepositoryTest.findByParticipantName(ChatRepositoryTest.java:81)
Caused by: org.hibernate.TransientObjectException: object references an unsaved transient instance - save the transient instance before flushing: de.aicard.domains.Social.Message
	at de.aicard.storages.ChatRepositoryTest.findByParticipantName(ChatRepositoryTest.java:81)

findAll  Time elapsed: 0.043 s  <<< ERROR!
javax.persistence.RollbackException: Error while committing the transaction
	at de.aicard.storages.ChatRepositoryTest.findAll(ChatRepositoryTest.java:59)
Caused by: java.lang.IllegalStateException: org.hibernate.TransientObjectException: object references an unsaved transient instance - save the transient instance before flushing: de.aicard.domains.Social.Message
	at de.aicard.storages.ChatRepositoryTest.findAll(ChatRepositoryTest.java:59)
Caused by: org.hibernate.TransientObjectException: object references an unsaved transient instance - save the transient instance before flushing: de.aicard.domains.Social.Message
	at de.aicard.storages.ChatRepositoryTest.findAll(ChatRepositoryTest.java:59)

save  Time elapsed: 0.041 s  <<< ERROR!
javax.persistence.RollbackException: Error while committing the transaction
	at de.aicard.storages.ChatRepositoryTest.save(ChatRepositoryTest.java:40)
Caused by: java.lang.IllegalStateException: org.hibernate.TransientObjectException: object references an unsaved transient instance - save the transient instance before flushing: de.aicard.domains.Social.Message
	at de.aicard.storages.ChatRepositoryTest.save(ChatRepositoryTest.java:40)
Caused by: org.hibernate.TransientObjectException: object references an unsaved transient instance - save the transient instance before flushing: de.aicard.domains.Social.Message
	at de.aicard.storages.ChatRepositoryTest.save(ChatRepositoryTest.java:40)

